E:/APMServ5.2.6/www/htdocs/view3d/Apps/ftzsb-i3dm-tileset/FTZBZSB-DZX-056-GEODE.obj,0.200000
E:/APMServ5.2.6/www/htdocs/view3d/Apps/ftzsb-i3dm-tileset/FTZBZSB-DZX-090-GEODE.obj,0.200000
E:/APMServ5.2.6/www/htdocs/view3d/Apps/ftzsb-i3dm-tileset/FTZBZSB-DZX-132-GEODE.obj,0.200000
E:/APMServ5.2.6/www/htdocs/view3d/Apps/ftzsb-i3dm-tileset/FTZBZSB-DZX-184-GEODE.obj,0.200000
E:/APMServ5.2.6/www/htdocs/view3d/Apps/ftzsb-i3dm-tileset/FTZBZSB-DZX-186-GEODE.obj,0.200000
E:/APMServ5.2.6/www/htdocs/view3d/Apps/ftzsb-i3dm-tileset/FTZBZSB-DZX-216-GEODE.obj,0.200000
E:/APMServ5.2.6/www/htdocs/view3d/Apps/ftzsb-i3dm-tileset/FTZBZSB-DZX-218-GEODE.obj,0.200000
E:/APMServ5.2.6/www/htdocs/view3d/Apps/ftzsb-i3dm-tileset/FTZBZSB-DZX-232-GEODE.obj,0.200000
E:/APMServ5.2.6/www/htdocs/view3d/Apps/ftzsb-i3dm-tileset/FTZBZSB-ZZJYZ-0123-GEODE.obj,0.200000
E:/APMServ5.2.6/www/htdocs/view3d/Apps/ftzsb-i3dm-tileset/FTZBZSB-ZZJYZ-0125-GEODE.obj,0.200000
E:/APMServ5.2.6/www/htdocs/view3d/Apps/ftzsb-i3dm-tileset/FTZBZSB-ZZJYZ-0127-GEODE.obj,0.200000
E:/APMServ5.2.6/www/htdocs/view3d/Apps/ftzsb-i3dm-tileset/FTZBZSB-ZZJYZ-0160-GEODE.obj,0.200000
E:/APMServ5.2.6/www/htdocs/view3d/Apps/ftzsb-i3dm-tileset/FTZBZSB-ZZJYZ-0162-GEODE.obj,0.200000
E:/APMServ5.2.6/www/htdocs/view3d/Apps/ftzsb-i3dm-tileset/FTZBZSB-ZZJYZ-058-GEODE.obj,0.200000
E:/APMServ5.2.6/www/htdocs/view3d/Apps/ftzsb-i3dm-tileset/FTZBZSB-ZZJYZ-093-GEODE.obj,0.200000
E:/APMServ5.2.6/www/htdocs/view3d/Apps/ftzsb-i3dm-tileset/L2/FTZBZSB-DZX-056-GEODE.obj,nodo
E:/APMServ5.2.6/www/htdocs/view3d/Apps/ftzsb-i3dm-tileset/L2/FTZBZSB-DZX-090-GEODE.obj,nodo
E:/APMServ5.2.6/www/htdocs/view3d/Apps/ftzsb-i3dm-tileset/L2/FTZBZSB-DZX-132-GEODE.obj,nodo
E:/APMServ5.2.6/www/htdocs/view3d/Apps/ftzsb-i3dm-tileset/L2/FTZBZSB-DZX-184-GEODE.obj,nodo
E:/APMServ5.2.6/www/htdocs/view3d/Apps/ftzsb-i3dm-tileset/L2/FTZBZSB-DZX-186-GEODE.obj,nodo
E:/APMServ5.2.6/www/htdocs/view3d/Apps/ftzsb-i3dm-tileset/L2/FTZBZSB-DZX-216-GEODE.obj,nodo
E:/APMServ5.2.6/www/htdocs/view3d/Apps/ftzsb-i3dm-tileset/L2/FTZBZSB-DZX-218-GEODE.obj,nodo
E:/APMServ5.2.6/www/htdocs/view3d/Apps/ftzsb-i3dm-tileset/L2/FTZBZSB-DZX-232-GEODE.obj,nodo
E:/APMServ5.2.6/www/htdocs/view3d/Apps/ftzsb-i3dm-tileset/L2/FTZBZSB-ZZJYZ-0123-GEODE.obj,nodo
E:/APMServ5.2.6/www/htdocs/view3d/Apps/ftzsb-i3dm-tileset/L2/FTZBZSB-ZZJYZ-0125-GEODE.obj,nodo
E:/APMServ5.2.6/www/htdocs/view3d/Apps/ftzsb-i3dm-tileset/L2/FTZBZSB-ZZJYZ-0127-GEODE.obj,nodo
E:/APMServ5.2.6/www/htdocs/view3d/Apps/ftzsb-i3dm-tileset/L2/FTZBZSB-ZZJYZ-0160-GEODE.obj,nodo
E:/APMServ5.2.6/www/htdocs/view3d/Apps/ftzsb-i3dm-tileset/L2/FTZBZSB-ZZJYZ-0162-GEODE.obj,nodo
E:/APMServ5.2.6/www/htdocs/view3d/Apps/ftzsb-i3dm-tileset/L2/FTZBZSB-ZZJYZ-058-GEODE.obj,nodo
E:/APMServ5.2.6/www/htdocs/view3d/Apps/ftzsb-i3dm-tileset/L2/FTZBZSB-ZZJYZ-093-GEODE.obj,nodo
E:/APMServ5.2.6/www/htdocs/view3d/Apps/ftzsb-i3dm-tileset/L2/MP-143-GEODE.obj,nodo
E:/APMServ5.2.6/www/htdocs/view3d/Apps/ftzsb-i3dm-tileset/MP-143-GEODE.obj,0.200000
