E:/APMServ5.2.6/www/htdocs/view3d/Apps/tzsb-i3dm-tileset/220KVTG005-GEODE.obj,0.200000
E:/APMServ5.2.6/www/htdocs/view3d/Apps/tzsb-i3dm-tileset/35KVTG002-GEODE.obj,0.200000
E:/APMServ5.2.6/www/htdocs/view3d/Apps/tzsb-i3dm-tileset/35KVTG016-GEODE.obj,0.200000
E:/APMServ5.2.6/www/htdocs/view3d/Apps/tzsb-i3dm-tileset/35KVTG017-GEODE.obj,0.200000
E:/APMServ5.2.6/www/htdocs/view3d/Apps/tzsb-i3dm-tileset/500KVTG005-GEODE.obj,0.200000
E:/APMServ5.2.6/www/htdocs/view3d/Apps/tzsb-i3dm-tileset/AZDB002-GEODE.obj,0.200000
E:/APMServ5.2.6/www/htdocs/view3d/Apps/tzsb-i3dm-tileset/AZDB003-GEODE.obj,0.200000
E:/APMServ5.2.6/www/htdocs/view3d/Apps/tzsb-i3dm-tileset/AZDB012-GEODE.obj,0.200000
E:/APMServ5.2.6/www/htdocs/view3d/Apps/tzsb-i3dm-tileset/AZDZ001-GEODE.obj,0.200000
E:/APMServ5.2.6/www/htdocs/view3d/Apps/tzsb-i3dm-tileset/AZDZ030-GEODE.obj,0.200000
E:/APMServ5.2.6/www/htdocs/view3d/Apps/tzsb-i3dm-tileset/AZZJ001-GEODE.obj,0.200000
E:/APMServ5.2.6/www/htdocs/view3d/Apps/tzsb-i3dm-tileset/BLQ-017-GEODE.obj,0.200000
E:/APMServ5.2.6/www/htdocs/view3d/Apps/tzsb-i3dm-tileset/BLQ-11M00000000680579-GEODE.obj,0.200000
E:/APMServ5.2.6/www/htdocs/view3d/Apps/tzsb-i3dm-tileset/BLQ-11M00000000680585-GEODE.obj,0.200000
E:/APMServ5.2.6/www/htdocs/view3d/Apps/tzsb-i3dm-tileset/BLQ-11M00000000680588-GEODE.obj,0.200000
E:/APMServ5.2.6/www/htdocs/view3d/Apps/tzsb-i3dm-tileset/BLQ-11M00000002954786-GEODE.obj,0.200000
E:/APMServ5.2.6/www/htdocs/view3d/Apps/tzsb-i3dm-tileset/BLQ-11M30000020063991-GEODE.obj,0.200000
E:/APMServ5.2.6/www/htdocs/view3d/Apps/tzsb-i3dm-tileset/BLQ-11M30000399966603-GEODE.obj,0.200000
E:/APMServ5.2.6/www/htdocs/view3d/Apps/tzsb-i3dm-tileset/BT006-GEODE.obj,0.200000
E:/APMServ5.2.6/www/htdocs/view3d/Apps/tzsb-i3dm-tileset/BT072-GEODE.obj,0.200000
E:/APMServ5.2.6/www/htdocs/view3d/Apps/tzsb-i3dm-tileset/BTZZ002-GEODE.obj,0.200000
E:/APMServ5.2.6/www/htdocs/view3d/Apps/tzsb-i3dm-tileset/CJYZ009-GEODE.obj,0.200000
E:/APMServ5.2.6/www/htdocs/view3d/Apps/tzsb-i3dm-tileset/CP066-GEODE.obj,0.200000
E:/APMServ5.2.6/www/htdocs/view3d/Apps/tzsb-i3dm-tileset/CT-11M00000000894344-GEODE.obj,0.200000
E:/APMServ5.2.6/www/htdocs/view3d/Apps/tzsb-i3dm-tileset/CT-11M00000002854791-GEODE.obj,0.200000
E:/APMServ5.2.6/www/htdocs/view3d/Apps/tzsb-i3dm-tileset/CT-11M00000002854920-GEODE.obj,0.200000
E:/APMServ5.2.6/www/htdocs/view3d/Apps/tzsb-i3dm-tileset/CT-11M00000002855818-GEODE.obj,0.200000
E:/APMServ5.2.6/www/htdocs/view3d/Apps/tzsb-i3dm-tileset/CT-11M00000002857865-GEODE.obj,0.200000
E:/APMServ5.2.6/www/htdocs/view3d/Apps/tzsb-i3dm-tileset/CT-11M00000002869684-GEODE.obj,0.200000
E:/APMServ5.2.6/www/htdocs/view3d/Apps/tzsb-i3dm-tileset/CT-11M00000002870368-GEODE.obj,0.200000
E:/APMServ5.2.6/www/htdocs/view3d/Apps/tzsb-i3dm-tileset/CT-11M185937855-GEODE.obj,0.200000
E:/APMServ5.2.6/www/htdocs/view3d/Apps/tzsb-i3dm-tileset/CT-11M30000002467985-GEODE.obj,0.200000
E:/APMServ5.2.6/www/htdocs/view3d/Apps/tzsb-i3dm-tileset/CYG005-GEODE.obj,0.200000
E:/APMServ5.2.6/www/htdocs/view3d/Apps/tzsb-i3dm-tileset/CZX001-GEODE.obj,0.200000
E:/APMServ5.2.6/www/htdocs/view3d/Apps/tzsb-i3dm-tileset/DDJT001-GEODE.obj,0.200000
E:/APMServ5.2.6/www/htdocs/view3d/Apps/tzsb-i3dm-tileset/DKQ-11M00000000604084-GEODE.obj,0.200000
E:/APMServ5.2.6/www/htdocs/view3d/Apps/tzsb-i3dm-tileset/DKQ-11M00000000604109-GEODE.obj,0.200000
E:/APMServ5.2.6/www/htdocs/view3d/Apps/tzsb-i3dm-tileset/DKQ-11M30000020639566-GEODE.obj,0.200000
E:/APMServ5.2.6/www/htdocs/view3d/Apps/tzsb-i3dm-tileset/DKQ-11M604096-GEODE.obj,0.200000
E:/APMServ5.2.6/www/htdocs/view3d/Apps/tzsb-i3dm-tileset/DLDRQ-11M-217843342-GEODE.obj,0.200000
E:/APMServ5.2.6/www/htdocs/view3d/Apps/tzsb-i3dm-tileset/DLDRQ-11M30000128725261A008-GEODE.obj,0.200000
E:/APMServ5.2.6/www/htdocs/view3d/Apps/tzsb-i3dm-tileset/DLDRQ-11M30000130568362C001-GEODE.obj,0.200000
E:/APMServ5.2.6/www/htdocs/view3d/Apps/tzsb-i3dm-tileset/DLQ-11M00000000613098C-GEODE.obj,0.200000
E:/APMServ5.2.6/www/htdocs/view3d/Apps/tzsb-i3dm-tileset/DLQ-11M892276-GEODE.obj,0.200000
E:/APMServ5.2.6/www/htdocs/view3d/Apps/tzsb-i3dm-tileset/DR055-GEODE.obj,0.200000
E:/APMServ5.2.6/www/htdocs/view3d/Apps/tzsb-i3dm-tileset/dr104-GEODE.obj,0.200000
E:/APMServ5.2.6/www/htdocs/view3d/Apps/tzsb-i3dm-tileset/DRQ175-GEODE.obj,0.200000
E:/APMServ5.2.6/www/htdocs/view3d/Apps/tzsb-i3dm-tileset/DX001-GEODE.obj,0.200000
E:/APMServ5.2.6/www/htdocs/view3d/Apps/tzsb-i3dm-tileset/DZ001-GEODE.obj,0.200000
E:/APMServ5.2.6/www/htdocs/view3d/Apps/tzsb-i3dm-tileset/FS045-GEODE.obj,0.200000
E:/APMServ5.2.6/www/htdocs/view3d/Apps/tzsb-i3dm-tileset/FYF005-GEODE.obj,0.200000
E:/APMServ5.2.6/www/htdocs/view3d/Apps/tzsb-i3dm-tileset/FYM001-GEODE.obj,0.200000
E:/APMServ5.2.6/www/htdocs/view3d/Apps/tzsb-i3dm-tileset/GLKG-11M00000000620184B-GEODE.obj,0.200000
E:/APMServ5.2.6/www/htdocs/view3d/Apps/tzsb-i3dm-tileset/GLKG-11M00000000620231-GEODE.obj,0.200000
E:/APMServ5.2.6/www/htdocs/view3d/Apps/tzsb-i3dm-tileset/GLKG-11M00000000620251-GEODE.obj,0.200000
E:/APMServ5.2.6/www/htdocs/view3d/Apps/tzsb-i3dm-tileset/GLKG-11M00000000620258-GEODE.obj,0.200000
E:/APMServ5.2.6/www/htdocs/view3d/Apps/tzsb-i3dm-tileset/GLKG-11M00000000620290-GEODE.obj,0.200000
E:/APMServ5.2.6/www/htdocs/view3d/Apps/tzsb-i3dm-tileset/GLKG-11M30000017890312-GEODE.obj,0.200000
E:/APMServ5.2.6/www/htdocs/view3d/Apps/tzsb-i3dm-tileset/GLKG-11M32000237461042-GEODE.obj,0.200000
E:/APMServ5.2.6/www/htdocs/view3d/Apps/tzsb-i3dm-tileset/GLKG-11M32000237461049B-GEODE.obj,0.200000
E:/APMServ5.2.6/www/htdocs/view3d/Apps/tzsb-i3dm-tileset/GLKG-11M32000237461050C-GEODE.obj,0.200000
E:/APMServ5.2.6/www/htdocs/view3d/Apps/tzsb-i3dm-tileset/GLKG-11M32000237461051C-GEODE.obj,0.200000
E:/APMServ5.2.6/www/htdocs/view3d/Apps/tzsb-i3dm-tileset/GLKG-11M32000237461067-GEODE.obj,0.200000
E:/APMServ5.2.6/www/htdocs/view3d/Apps/tzsb-i3dm-tileset/GLKG-11M32000237461068-GEODE.obj,0.200000
E:/APMServ5.2.6/www/htdocs/view3d/Apps/tzsb-i3dm-tileset/GLKG-11M32000237461069-GEODE.obj,0.200000
E:/APMServ5.2.6/www/htdocs/view3d/Apps/tzsb-i3dm-tileset/GLKG-11M32000237461089A-GEODE.obj,0.200000
E:/APMServ5.2.6/www/htdocs/view3d/Apps/tzsb-i3dm-tileset/GLKG-11M32000237461162B-GEODE.obj,0.200000
E:/APMServ5.2.6/www/htdocs/view3d/Apps/tzsb-i3dm-tileset/HXQ-GEODE.obj,0.200000
E:/APMServ5.2.6/www/htdocs/view3d/Apps/tzsb-i3dm-tileset/HXQ005-GEODE.obj,0.200000
E:/APMServ5.2.6/www/htdocs/view3d/Apps/tzsb-i3dm-tileset/JCQ005-GEODE.obj,0.200000
E:/APMServ5.2.6/www/htdocs/view3d/Apps/tzsb-i3dm-tileset/JD001-GEODE.obj,0.200000
E:/APMServ5.2.6/www/htdocs/view3d/Apps/tzsb-i3dm-tileset/JDDZ001-GEODE.obj,0.200000
E:/APMServ5.2.6/www/htdocs/view3d/Apps/tzsb-i3dm-tileset/JDT002-GEODE.obj,0.200000
E:/APMServ5.2.6/www/htdocs/view3d/Apps/tzsb-i3dm-tileset/JDX001-GEODE.obj,0.200000
E:/APMServ5.2.6/www/htdocs/view3d/Apps/tzsb-i3dm-tileset/JDYX066-GEODE.obj,0.200000
E:/APMServ5.2.6/www/htdocs/view3d/Apps/tzsb-i3dm-tileset/JDZ005-GEODE.obj,0.200000
E:/APMServ5.2.6/www/htdocs/view3d/Apps/tzsb-i3dm-tileset/JGJ002-GEODE.obj,0.200000
E:/APMServ5.2.6/www/htdocs/view3d/Apps/tzsb-i3dm-tileset/JJYZ002-GEODE.obj,0.200000
E:/APMServ5.2.6/www/htdocs/view3d/Apps/tzsb-i3dm-tileset/JSQ001-GEODE.obj,0.200000
E:/APMServ5.2.6/www/htdocs/view3d/Apps/tzsb-i3dm-tileset/JSQ002-GEODE.obj,0.200000
E:/APMServ5.2.6/www/htdocs/view3d/Apps/tzsb-i3dm-tileset/JTPJ027-GEODE.obj,0.200000
E:/APMServ5.2.6/www/htdocs/view3d/Apps/tzsb-i3dm-tileset/JUZ003-GEODE.obj,0.200000
E:/APMServ5.2.6/www/htdocs/view3d/Apps/tzsb-i3dm-tileset/JX001-GEODE.obj,0.200000
E:/APMServ5.2.6/www/htdocs/view3d/Apps/tzsb-i3dm-tileset/JXDZB001-GEODE.obj,0.200000
E:/APMServ5.2.6/www/htdocs/view3d/Apps/tzsb-i3dm-tileset/JXH001-GEODE.obj,0.200000
E:/APMServ5.2.6/www/htdocs/view3d/Apps/tzsb-i3dm-tileset/JXZZ003-GEODE.obj,0.200000
E:/APMServ5.2.6/www/htdocs/view3d/Apps/tzsb-i3dm-tileset/JYDZ049-GEODE.obj,0.200000
E:/APMServ5.2.6/www/htdocs/view3d/Apps/tzsb-i3dm-tileset/JYDZZ036-GEODE.obj,0.200000
E:/APMServ5.2.6/www/htdocs/view3d/Apps/tzsb-i3dm-tileset/JYLZ007-GEODE.obj,0.200000
E:/APMServ5.2.6/www/htdocs/view3d/Apps/tzsb-i3dm-tileset/JYLZ018-GEODE.obj,0.200000
E:/APMServ5.2.6/www/htdocs/view3d/Apps/tzsb-i3dm-tileset/JYPBZZ001-GEODE.obj,0.200000
E:/APMServ5.2.6/www/htdocs/view3d/Apps/tzsb-i3dm-tileset/JYTG001-GEODE.obj,0.200000
E:/APMServ5.2.6/www/htdocs/view3d/Apps/tzsb-i3dm-tileset/JYXZ006-GEODE.obj,0.200000
E:/APMServ5.2.6/www/htdocs/view3d/Apps/tzsb-i3dm-tileset/JYZ001-GEODE.obj,0.200000
E:/APMServ5.2.6/www/htdocs/view3d/Apps/tzsb-i3dm-tileset/JYZ003-GEODE.obj,0.200000
E:/APMServ5.2.6/www/htdocs/view3d/Apps/tzsb-i3dm-tileset/JYZ005-GEODE.obj,0.200000
E:/APMServ5.2.6/www/htdocs/view3d/Apps/tzsb-i3dm-tileset/JYZ031-GEODE.obj,0.200000
E:/APMServ5.2.6/www/htdocs/view3d/Apps/tzsb-i3dm-tileset/jyz072-GEODE.obj,0.200000
E:/APMServ5.2.6/www/htdocs/view3d/Apps/tzsb-i3dm-tileset/JYZ408-GEODE.obj,0.200000
E:/APMServ5.2.6/www/htdocs/view3d/Apps/tzsb-i3dm-tileset/JYZ420-GEODE.obj,0.200000
E:/APMServ5.2.6/www/htdocs/view3d/Apps/tzsb-i3dm-tileset/JYZ432-GEODE.obj,0.200000
E:/APMServ5.2.6/www/htdocs/view3d/Apps/tzsb-i3dm-tileset/JYZ435-GEODE.obj,0.200000
E:/APMServ5.2.6/www/htdocs/view3d/Apps/tzsb-i3dm-tileset/JYZZ006-GEODE.obj,0.200000
E:/APMServ5.2.6/www/htdocs/view3d/Apps/tzsb-i3dm-tileset/JYZZ011-GEODE.obj,0.200000
E:/APMServ5.2.6/www/htdocs/view3d/Apps/tzsb-i3dm-tileset/JYZZ017-GEODE.obj,0.200000
E:/APMServ5.2.6/www/htdocs/view3d/Apps/tzsb-i3dm-tileset/JYZZ042-GEODE.obj,0.200000
E:/APMServ5.2.6/www/htdocs/view3d/Apps/tzsb-i3dm-tileset/JYZZ043-GEODE.obj,0.200000
E:/APMServ5.2.6/www/htdocs/view3d/Apps/tzsb-i3dm-tileset/JYZZ048-GEODE.obj,0.200000
E:/APMServ5.2.6/www/htdocs/view3d/Apps/tzsb-i3dm-tileset/JYZZ054-GEODE.obj,0.200000
E:/APMServ5.2.6/www/htdocs/view3d/Apps/tzsb-i3dm-tileset/JYZZZ222-GEODE.obj,0.200000
E:/APMServ5.2.6/www/htdocs/view3d/Apps/tzsb-i3dm-tileset/KGJYZZ025-GEODE.obj,0.200000
E:/APMServ5.2.6/www/htdocs/view3d/Apps/tzsb-i3dm-tileset/L2/220KVTG005-GEODE.obj,nodo
E:/APMServ5.2.6/www/htdocs/view3d/Apps/tzsb-i3dm-tileset/L2/35KVTG002-GEODE.obj,nodo
E:/APMServ5.2.6/www/htdocs/view3d/Apps/tzsb-i3dm-tileset/L2/35KVTG016-GEODE.obj,nodo
E:/APMServ5.2.6/www/htdocs/view3d/Apps/tzsb-i3dm-tileset/L2/35KVTG017-GEODE.obj,nodo
E:/APMServ5.2.6/www/htdocs/view3d/Apps/tzsb-i3dm-tileset/L2/500KVTG005-GEODE.obj,nodo
E:/APMServ5.2.6/www/htdocs/view3d/Apps/tzsb-i3dm-tileset/L2/AZDB002-GEODE.obj,nodo
E:/APMServ5.2.6/www/htdocs/view3d/Apps/tzsb-i3dm-tileset/L2/AZDB003-GEODE.obj,nodo
E:/APMServ5.2.6/www/htdocs/view3d/Apps/tzsb-i3dm-tileset/L2/AZDB012-GEODE.obj,nodo
E:/APMServ5.2.6/www/htdocs/view3d/Apps/tzsb-i3dm-tileset/L2/AZDZ001-GEODE.obj,nodo
E:/APMServ5.2.6/www/htdocs/view3d/Apps/tzsb-i3dm-tileset/L2/AZDZ030-GEODE.obj,nodo
E:/APMServ5.2.6/www/htdocs/view3d/Apps/tzsb-i3dm-tileset/L2/AZZJ001-GEODE.obj,nodo
E:/APMServ5.2.6/www/htdocs/view3d/Apps/tzsb-i3dm-tileset/L2/BLQ-017-GEODE.obj,nodo
E:/APMServ5.2.6/www/htdocs/view3d/Apps/tzsb-i3dm-tileset/L2/BLQ-11M00000000680579-GEODE.obj,nodo
E:/APMServ5.2.6/www/htdocs/view3d/Apps/tzsb-i3dm-tileset/L2/BLQ-11M00000000680585-GEODE.obj,nodo
E:/APMServ5.2.6/www/htdocs/view3d/Apps/tzsb-i3dm-tileset/L2/BLQ-11M00000000680588-GEODE.obj,nodo
E:/APMServ5.2.6/www/htdocs/view3d/Apps/tzsb-i3dm-tileset/L2/BLQ-11M00000002954786-GEODE.obj,nodo
E:/APMServ5.2.6/www/htdocs/view3d/Apps/tzsb-i3dm-tileset/L2/BLQ-11M30000020063991-GEODE.obj,nodo
E:/APMServ5.2.6/www/htdocs/view3d/Apps/tzsb-i3dm-tileset/L2/BLQ-11M30000399966603-GEODE.obj,nodo
E:/APMServ5.2.6/www/htdocs/view3d/Apps/tzsb-i3dm-tileset/L2/BT006-GEODE.obj,nodo
E:/APMServ5.2.6/www/htdocs/view3d/Apps/tzsb-i3dm-tileset/L2/BT072-GEODE.obj,nodo
E:/APMServ5.2.6/www/htdocs/view3d/Apps/tzsb-i3dm-tileset/L2/BTZZ002-GEODE.obj,nodo
E:/APMServ5.2.6/www/htdocs/view3d/Apps/tzsb-i3dm-tileset/L2/CJYZ009-GEODE.obj,nodo
E:/APMServ5.2.6/www/htdocs/view3d/Apps/tzsb-i3dm-tileset/L2/CP066-GEODE.obj,nodo
E:/APMServ5.2.6/www/htdocs/view3d/Apps/tzsb-i3dm-tileset/L2/CT-11M00000000894344-GEODE.obj,nodo
E:/APMServ5.2.6/www/htdocs/view3d/Apps/tzsb-i3dm-tileset/L2/CT-11M00000002854791-GEODE.obj,nodo
E:/APMServ5.2.6/www/htdocs/view3d/Apps/tzsb-i3dm-tileset/L2/CT-11M00000002854920-GEODE.obj,nodo
E:/APMServ5.2.6/www/htdocs/view3d/Apps/tzsb-i3dm-tileset/L2/CT-11M00000002855818-GEODE.obj,nodo
E:/APMServ5.2.6/www/htdocs/view3d/Apps/tzsb-i3dm-tileset/L2/CT-11M00000002857865-GEODE.obj,nodo
E:/APMServ5.2.6/www/htdocs/view3d/Apps/tzsb-i3dm-tileset/L2/CT-11M00000002869684-GEODE.obj,nodo
E:/APMServ5.2.6/www/htdocs/view3d/Apps/tzsb-i3dm-tileset/L2/CT-11M00000002870368-GEODE.obj,nodo
E:/APMServ5.2.6/www/htdocs/view3d/Apps/tzsb-i3dm-tileset/L2/CT-11M185937855-GEODE.obj,nodo
E:/APMServ5.2.6/www/htdocs/view3d/Apps/tzsb-i3dm-tileset/L2/CT-11M30000002467985-GEODE.obj,nodo
E:/APMServ5.2.6/www/htdocs/view3d/Apps/tzsb-i3dm-tileset/L2/CYG005-GEODE.obj,nodo
E:/APMServ5.2.6/www/htdocs/view3d/Apps/tzsb-i3dm-tileset/L2/CZX001-GEODE.obj,nodo
E:/APMServ5.2.6/www/htdocs/view3d/Apps/tzsb-i3dm-tileset/L2/DDJT001-GEODE.obj,nodo
E:/APMServ5.2.6/www/htdocs/view3d/Apps/tzsb-i3dm-tileset/L2/DKQ-11M00000000604084-GEODE.obj,nodo
E:/APMServ5.2.6/www/htdocs/view3d/Apps/tzsb-i3dm-tileset/L2/DKQ-11M00000000604109-GEODE.obj,nodo
E:/APMServ5.2.6/www/htdocs/view3d/Apps/tzsb-i3dm-tileset/L2/DKQ-11M30000020639566-GEODE.obj,nodo
E:/APMServ5.2.6/www/htdocs/view3d/Apps/tzsb-i3dm-tileset/L2/DKQ-11M604096-GEODE.obj,nodo
E:/APMServ5.2.6/www/htdocs/view3d/Apps/tzsb-i3dm-tileset/L2/DLDRQ-11M-217843342-GEODE.obj,nodo
E:/APMServ5.2.6/www/htdocs/view3d/Apps/tzsb-i3dm-tileset/L2/DLDRQ-11M30000128725261A008-GEODE.obj,nodo
E:/APMServ5.2.6/www/htdocs/view3d/Apps/tzsb-i3dm-tileset/L2/DLDRQ-11M30000130568362C001-GEODE.obj,nodo
E:/APMServ5.2.6/www/htdocs/view3d/Apps/tzsb-i3dm-tileset/L2/DLQ-11M00000000613098C-GEODE.obj,nodo
E:/APMServ5.2.6/www/htdocs/view3d/Apps/tzsb-i3dm-tileset/L2/DLQ-11M892276-GEODE.obj,nodo
E:/APMServ5.2.6/www/htdocs/view3d/Apps/tzsb-i3dm-tileset/L2/DR055-GEODE.obj,nodo
E:/APMServ5.2.6/www/htdocs/view3d/Apps/tzsb-i3dm-tileset/L2/dr104-GEODE.obj,nodo
E:/APMServ5.2.6/www/htdocs/view3d/Apps/tzsb-i3dm-tileset/L2/DRQ175-GEODE.obj,nodo
E:/APMServ5.2.6/www/htdocs/view3d/Apps/tzsb-i3dm-tileset/L2/DX001-GEODE.obj,nodo
E:/APMServ5.2.6/www/htdocs/view3d/Apps/tzsb-i3dm-tileset/L2/DZ001-GEODE.obj,nodo
E:/APMServ5.2.6/www/htdocs/view3d/Apps/tzsb-i3dm-tileset/L2/FS045-GEODE.obj,nodo
E:/APMServ5.2.6/www/htdocs/view3d/Apps/tzsb-i3dm-tileset/L2/FYF005-GEODE.obj,nodo
E:/APMServ5.2.6/www/htdocs/view3d/Apps/tzsb-i3dm-tileset/L2/FYM001-GEODE.obj,nodo
E:/APMServ5.2.6/www/htdocs/view3d/Apps/tzsb-i3dm-tileset/L2/GLKG-11M00000000620184B-GEODE.obj,nodo
E:/APMServ5.2.6/www/htdocs/view3d/Apps/tzsb-i3dm-tileset/L2/GLKG-11M00000000620231-GEODE.obj,nodo
E:/APMServ5.2.6/www/htdocs/view3d/Apps/tzsb-i3dm-tileset/L2/GLKG-11M00000000620251-GEODE.obj,nodo
E:/APMServ5.2.6/www/htdocs/view3d/Apps/tzsb-i3dm-tileset/L2/GLKG-11M00000000620258-GEODE.obj,nodo
E:/APMServ5.2.6/www/htdocs/view3d/Apps/tzsb-i3dm-tileset/L2/GLKG-11M00000000620290-GEODE.obj,nodo
E:/APMServ5.2.6/www/htdocs/view3d/Apps/tzsb-i3dm-tileset/L2/GLKG-11M30000017890312-GEODE.obj,nodo
E:/APMServ5.2.6/www/htdocs/view3d/Apps/tzsb-i3dm-tileset/L2/GLKG-11M32000237461042-GEODE.obj,nodo
E:/APMServ5.2.6/www/htdocs/view3d/Apps/tzsb-i3dm-tileset/L2/GLKG-11M32000237461049B-GEODE.obj,nodo
E:/APMServ5.2.6/www/htdocs/view3d/Apps/tzsb-i3dm-tileset/L2/GLKG-11M32000237461050C-GEODE.obj,nodo
E:/APMServ5.2.6/www/htdocs/view3d/Apps/tzsb-i3dm-tileset/L2/GLKG-11M32000237461051C-GEODE.obj,nodo
E:/APMServ5.2.6/www/htdocs/view3d/Apps/tzsb-i3dm-tileset/L2/GLKG-11M32000237461067-GEODE.obj,nodo
E:/APMServ5.2.6/www/htdocs/view3d/Apps/tzsb-i3dm-tileset/L2/GLKG-11M32000237461068-GEODE.obj,nodo
E:/APMServ5.2.6/www/htdocs/view3d/Apps/tzsb-i3dm-tileset/L2/GLKG-11M32000237461069-GEODE.obj,nodo
E:/APMServ5.2.6/www/htdocs/view3d/Apps/tzsb-i3dm-tileset/L2/GLKG-11M32000237461089A-GEODE.obj,nodo
E:/APMServ5.2.6/www/htdocs/view3d/Apps/tzsb-i3dm-tileset/L2/GLKG-11M32000237461162B-GEODE.obj,nodo
E:/APMServ5.2.6/www/htdocs/view3d/Apps/tzsb-i3dm-tileset/L2/HXQ-GEODE.obj,nodo
E:/APMServ5.2.6/www/htdocs/view3d/Apps/tzsb-i3dm-tileset/L2/HXQ005-GEODE.obj,nodo
E:/APMServ5.2.6/www/htdocs/view3d/Apps/tzsb-i3dm-tileset/L2/JCQ005-GEODE.obj,nodo
E:/APMServ5.2.6/www/htdocs/view3d/Apps/tzsb-i3dm-tileset/L2/JD001-GEODE.obj,nodo
E:/APMServ5.2.6/www/htdocs/view3d/Apps/tzsb-i3dm-tileset/L2/JDDZ001-GEODE.obj,nodo
E:/APMServ5.2.6/www/htdocs/view3d/Apps/tzsb-i3dm-tileset/L2/JDT002-GEODE.obj,nodo
E:/APMServ5.2.6/www/htdocs/view3d/Apps/tzsb-i3dm-tileset/L2/JDX001-GEODE.obj,nodo
E:/APMServ5.2.6/www/htdocs/view3d/Apps/tzsb-i3dm-tileset/L2/JDYX066-GEODE.obj,nodo
E:/APMServ5.2.6/www/htdocs/view3d/Apps/tzsb-i3dm-tileset/L2/JDZ005-GEODE.obj,nodo
E:/APMServ5.2.6/www/htdocs/view3d/Apps/tzsb-i3dm-tileset/L2/JGJ002-GEODE.obj,nodo
E:/APMServ5.2.6/www/htdocs/view3d/Apps/tzsb-i3dm-tileset/L2/JJYZ002-GEODE.obj,nodo
E:/APMServ5.2.6/www/htdocs/view3d/Apps/tzsb-i3dm-tileset/L2/JSQ001-GEODE.obj,nodo
E:/APMServ5.2.6/www/htdocs/view3d/Apps/tzsb-i3dm-tileset/L2/JSQ002-GEODE.obj,nodo
E:/APMServ5.2.6/www/htdocs/view3d/Apps/tzsb-i3dm-tileset/L2/JTPJ027-GEODE.obj,nodo
E:/APMServ5.2.6/www/htdocs/view3d/Apps/tzsb-i3dm-tileset/L2/JUZ003-GEODE.obj,nodo
E:/APMServ5.2.6/www/htdocs/view3d/Apps/tzsb-i3dm-tileset/L2/JX001-GEODE.obj,nodo
E:/APMServ5.2.6/www/htdocs/view3d/Apps/tzsb-i3dm-tileset/L2/JXDZB001-GEODE.obj,nodo
E:/APMServ5.2.6/www/htdocs/view3d/Apps/tzsb-i3dm-tileset/L2/JXH001-GEODE.obj,nodo
E:/APMServ5.2.6/www/htdocs/view3d/Apps/tzsb-i3dm-tileset/L2/JXZZ003-GEODE.obj,nodo
E:/APMServ5.2.6/www/htdocs/view3d/Apps/tzsb-i3dm-tileset/L2/JYDZ049-GEODE.obj,nodo
E:/APMServ5.2.6/www/htdocs/view3d/Apps/tzsb-i3dm-tileset/L2/JYDZZ036-GEODE.obj,nodo
E:/APMServ5.2.6/www/htdocs/view3d/Apps/tzsb-i3dm-tileset/L2/JYLZ007-GEODE.obj,nodo
E:/APMServ5.2.6/www/htdocs/view3d/Apps/tzsb-i3dm-tileset/L2/JYLZ018-GEODE.obj,nodo
E:/APMServ5.2.6/www/htdocs/view3d/Apps/tzsb-i3dm-tileset/L2/JYPBZZ001-GEODE.obj,nodo
E:/APMServ5.2.6/www/htdocs/view3d/Apps/tzsb-i3dm-tileset/L2/JYTG001-GEODE.obj,nodo
E:/APMServ5.2.6/www/htdocs/view3d/Apps/tzsb-i3dm-tileset/L2/JYXZ006-GEODE.obj,nodo
E:/APMServ5.2.6/www/htdocs/view3d/Apps/tzsb-i3dm-tileset/L2/JYZ001-GEODE.obj,nodo
E:/APMServ5.2.6/www/htdocs/view3d/Apps/tzsb-i3dm-tileset/L2/JYZ003-GEODE.obj,nodo
E:/APMServ5.2.6/www/htdocs/view3d/Apps/tzsb-i3dm-tileset/L2/JYZ005-GEODE.obj,nodo
E:/APMServ5.2.6/www/htdocs/view3d/Apps/tzsb-i3dm-tileset/L2/JYZ031-GEODE.obj,nodo
E:/APMServ5.2.6/www/htdocs/view3d/Apps/tzsb-i3dm-tileset/L2/jyz072-GEODE.obj,nodo
E:/APMServ5.2.6/www/htdocs/view3d/Apps/tzsb-i3dm-tileset/L2/JYZ408-GEODE.obj,nodo
E:/APMServ5.2.6/www/htdocs/view3d/Apps/tzsb-i3dm-tileset/L2/JYZ420-GEODE.obj,nodo
E:/APMServ5.2.6/www/htdocs/view3d/Apps/tzsb-i3dm-tileset/L2/JYZ432-GEODE.obj,nodo
E:/APMServ5.2.6/www/htdocs/view3d/Apps/tzsb-i3dm-tileset/L2/JYZ435-GEODE.obj,nodo
E:/APMServ5.2.6/www/htdocs/view3d/Apps/tzsb-i3dm-tileset/L2/JYZZ006-GEODE.obj,nodo
E:/APMServ5.2.6/www/htdocs/view3d/Apps/tzsb-i3dm-tileset/L2/JYZZ011-GEODE.obj,nodo
E:/APMServ5.2.6/www/htdocs/view3d/Apps/tzsb-i3dm-tileset/L2/JYZZ017-GEODE.obj,nodo
E:/APMServ5.2.6/www/htdocs/view3d/Apps/tzsb-i3dm-tileset/L2/JYZZ042-GEODE.obj,nodo
E:/APMServ5.2.6/www/htdocs/view3d/Apps/tzsb-i3dm-tileset/L2/JYZZ043-GEODE.obj,nodo
E:/APMServ5.2.6/www/htdocs/view3d/Apps/tzsb-i3dm-tileset/L2/JYZZ048-GEODE.obj,nodo
E:/APMServ5.2.6/www/htdocs/view3d/Apps/tzsb-i3dm-tileset/L2/JYZZ054-GEODE.obj,nodo
E:/APMServ5.2.6/www/htdocs/view3d/Apps/tzsb-i3dm-tileset/L2/JYZZZ222-GEODE.obj,nodo
E:/APMServ5.2.6/www/htdocs/view3d/Apps/tzsb-i3dm-tileset/L2/KGJYZZ025-GEODE.obj,nodo
E:/APMServ5.2.6/www/htdocs/view3d/Apps/tzsb-i3dm-tileset/L2/MP-0060-GEODE.obj,nodo
E:/APMServ5.2.6/www/htdocs/view3d/Apps/tzsb-i3dm-tileset/L2/MP-0072-GEODE.obj,nodo
E:/APMServ5.2.6/www/htdocs/view3d/Apps/tzsb-i3dm-tileset/L2/MP-0073-GEODE.obj,nodo
E:/APMServ5.2.6/www/htdocs/view3d/Apps/tzsb-i3dm-tileset/L2/MP-01030-GEODE.obj,nodo
E:/APMServ5.2.6/www/htdocs/view3d/Apps/tzsb-i3dm-tileset/L2/MP-01031-GEODE.obj,nodo
E:/APMServ5.2.6/www/htdocs/view3d/Apps/tzsb-i3dm-tileset/L2/MP-01065-GEODE.obj,nodo
E:/APMServ5.2.6/www/htdocs/view3d/Apps/tzsb-i3dm-tileset/L2/MP-01066-GEODE.obj,nodo
E:/APMServ5.2.6/www/htdocs/view3d/Apps/tzsb-i3dm-tileset/L2/MP-01067-GEODE.obj,nodo
E:/APMServ5.2.6/www/htdocs/view3d/Apps/tzsb-i3dm-tileset/L2/MP-01077-GEODE.obj,nodo
E:/APMServ5.2.6/www/htdocs/view3d/Apps/tzsb-i3dm-tileset/L2/MP-01078-GEODE.obj,nodo
E:/APMServ5.2.6/www/htdocs/view3d/Apps/tzsb-i3dm-tileset/L2/MP-01079-GEODE.obj,nodo
E:/APMServ5.2.6/www/htdocs/view3d/Apps/tzsb-i3dm-tileset/L2/MP-01187-GEODE.obj,nodo
E:/APMServ5.2.6/www/htdocs/view3d/Apps/tzsb-i3dm-tileset/L2/MP-01275-GEODE.obj,nodo
E:/APMServ5.2.6/www/htdocs/view3d/Apps/tzsb-i3dm-tileset/L2/MP-01287-GEODE.obj,nodo
E:/APMServ5.2.6/www/htdocs/view3d/Apps/tzsb-i3dm-tileset/L2/MP-01294-GEODE.obj,nodo
E:/APMServ5.2.6/www/htdocs/view3d/Apps/tzsb-i3dm-tileset/L2/MP-01556-GEODE.obj,nodo
E:/APMServ5.2.6/www/htdocs/view3d/Apps/tzsb-i3dm-tileset/L2/MP-01611-GEODE.obj,nodo
E:/APMServ5.2.6/www/htdocs/view3d/Apps/tzsb-i3dm-tileset/L2/MP-01628-GEODE.obj,nodo
E:/APMServ5.2.6/www/htdocs/view3d/Apps/tzsb-i3dm-tileset/L2/MP-01629-GEODE.obj,nodo
E:/APMServ5.2.6/www/htdocs/view3d/Apps/tzsb-i3dm-tileset/L2/MP-0164-GEODE.obj,nodo
E:/APMServ5.2.6/www/htdocs/view3d/Apps/tzsb-i3dm-tileset/L2/MP-01642-GEODE.obj,nodo
E:/APMServ5.2.6/www/htdocs/view3d/Apps/tzsb-i3dm-tileset/L2/MP-01644-GEODE.obj,nodo
E:/APMServ5.2.6/www/htdocs/view3d/Apps/tzsb-i3dm-tileset/L2/MP-01646-GEODE.obj,nodo
E:/APMServ5.2.6/www/htdocs/view3d/Apps/tzsb-i3dm-tileset/L2/MP-01685-GEODE.obj,nodo
E:/APMServ5.2.6/www/htdocs/view3d/Apps/tzsb-i3dm-tileset/L2/MP-01712-GEODE.obj,nodo
E:/APMServ5.2.6/www/htdocs/view3d/Apps/tzsb-i3dm-tileset/L2/MP-01751-GEODE.obj,nodo
E:/APMServ5.2.6/www/htdocs/view3d/Apps/tzsb-i3dm-tileset/L2/MP-0214-GEODE.obj,nodo
E:/APMServ5.2.6/www/htdocs/view3d/Apps/tzsb-i3dm-tileset/L2/MP-0251-GEODE.obj,nodo
E:/APMServ5.2.6/www/htdocs/view3d/Apps/tzsb-i3dm-tileset/L2/MP-0252-GEODE.obj,nodo
E:/APMServ5.2.6/www/htdocs/view3d/Apps/tzsb-i3dm-tileset/L2/MP-0275-GEODE.obj,nodo
E:/APMServ5.2.6/www/htdocs/view3d/Apps/tzsb-i3dm-tileset/L2/MP-0419-GEODE.obj,nodo
E:/APMServ5.2.6/www/htdocs/view3d/Apps/tzsb-i3dm-tileset/L2/MP-0420-GEODE.obj,nodo
E:/APMServ5.2.6/www/htdocs/view3d/Apps/tzsb-i3dm-tileset/L2/MP-0446-GEODE.obj,nodo
E:/APMServ5.2.6/www/htdocs/view3d/Apps/tzsb-i3dm-tileset/L2/MP-0547-GEODE.obj,nodo
E:/APMServ5.2.6/www/htdocs/view3d/Apps/tzsb-i3dm-tileset/L2/MP-0558-GEODE.obj,nodo
E:/APMServ5.2.6/www/htdocs/view3d/Apps/tzsb-i3dm-tileset/L2/MP-0832-GEODE.obj,nodo
E:/APMServ5.2.6/www/htdocs/view3d/Apps/tzsb-i3dm-tileset/L2/MP-0833-GEODE.obj,nodo
E:/APMServ5.2.6/www/htdocs/view3d/Apps/tzsb-i3dm-tileset/L2/MP-1908-GEODE.obj,nodo
E:/APMServ5.2.6/www/htdocs/view3d/Apps/tzsb-i3dm-tileset/L2/MP-2009-GEODE.obj,nodo
E:/APMServ5.2.6/www/htdocs/view3d/Apps/tzsb-i3dm-tileset/L2/MP-3176-GEODE.obj,nodo
E:/APMServ5.2.6/www/htdocs/view3d/Apps/tzsb-i3dm-tileset/L2/MP-3178-GEODE.obj,nodo
E:/APMServ5.2.6/www/htdocs/view3d/Apps/tzsb-i3dm-tileset/L2/MP-3180-GEODE.obj,nodo
E:/APMServ5.2.6/www/htdocs/view3d/Apps/tzsb-i3dm-tileset/L2/MP-3181-GEODE.obj,nodo
E:/APMServ5.2.6/www/htdocs/view3d/Apps/tzsb-i3dm-tileset/L2/MP-3184-GEODE.obj,nodo
E:/APMServ5.2.6/www/htdocs/view3d/Apps/tzsb-i3dm-tileset/L2/MP-3202-GEODE.obj,nodo
E:/APMServ5.2.6/www/htdocs/view3d/Apps/tzsb-i3dm-tileset/L2/MP-3649-GEODE.obj,nodo
E:/APMServ5.2.6/www/htdocs/view3d/Apps/tzsb-i3dm-tileset/L2/MP-3650-GEODE.obj,nodo
E:/APMServ5.2.6/www/htdocs/view3d/Apps/tzsb-i3dm-tileset/L2/MP-3850-GEODE.obj,nodo
E:/APMServ5.2.6/www/htdocs/view3d/Apps/tzsb-i3dm-tileset/L2/MP-3851-GEODE.obj,nodo
E:/APMServ5.2.6/www/htdocs/view3d/Apps/tzsb-i3dm-tileset/L2/MP-3852-GEODE.obj,nodo
E:/APMServ5.2.6/www/htdocs/view3d/Apps/tzsb-i3dm-tileset/L2/MPA064-GEODE.obj,nodo
E:/APMServ5.2.6/www/htdocs/view3d/Apps/tzsb-i3dm-tileset/L2/MPA065-GEODE.obj,nodo
E:/APMServ5.2.6/www/htdocs/view3d/Apps/tzsb-i3dm-tileset/L2/MPA066-GEODE.obj,nodo
E:/APMServ5.2.6/www/htdocs/view3d/Apps/tzsb-i3dm-tileset/L2/MPZY011-GEODE.obj,nodo
E:/APMServ5.2.6/www/htdocs/view3d/Apps/tzsb-i3dm-tileset/L2/MPZY012-GEODE.obj,nodo
E:/APMServ5.2.6/www/htdocs/view3d/Apps/tzsb-i3dm-tileset/L2/OHDRQ-11M00000000610388-GEODE.obj,nodo
E:/APMServ5.2.6/www/htdocs/view3d/Apps/tzsb-i3dm-tileset/L2/PEIJIAN-GEODE.obj,nodo
E:/APMServ5.2.6/www/htdocs/view3d/Apps/tzsb-i3dm-tileset/L2/PEIJIAN096-GEODE.obj,nodo
E:/APMServ5.2.6/www/htdocs/view3d/Apps/tzsb-i3dm-tileset/L2/PEIJIAN098-GEODE.obj,nodo
E:/APMServ5.2.6/www/htdocs/view3d/Apps/tzsb-i3dm-tileset/L2/PEIJIAN110-GEODE.obj,nodo
E:/APMServ5.2.6/www/htdocs/view3d/Apps/tzsb-i3dm-tileset/L2/PEIJIAN113-GEODE.obj,nodo
E:/APMServ5.2.6/www/htdocs/view3d/Apps/tzsb-i3dm-tileset/L2/PEIJIAN114-GEODE.obj,nodo
E:/APMServ5.2.6/www/htdocs/view3d/Apps/tzsb-i3dm-tileset/L2/PJ-052-GEODE.obj,nodo
E:/APMServ5.2.6/www/htdocs/view3d/Apps/tzsb-i3dm-tileset/L2/PJ-063-GEODE.obj,nodo
E:/APMServ5.2.6/www/htdocs/view3d/Apps/tzsb-i3dm-tileset/L2/PJ-161-GEODE.obj,nodo
E:/APMServ5.2.6/www/htdocs/view3d/Apps/tzsb-i3dm-tileset/L2/PJ-162-GEODE.obj,nodo
E:/APMServ5.2.6/www/htdocs/view3d/Apps/tzsb-i3dm-tileset/L2/PJ002-GEODE.obj,nodo
E:/APMServ5.2.6/www/htdocs/view3d/Apps/tzsb-i3dm-tileset/L2/PJ003-GEODE.obj,nodo
E:/APMServ5.2.6/www/htdocs/view3d/Apps/tzsb-i3dm-tileset/L2/PT-11M00000000637359-GEODE.obj,nodo
E:/APMServ5.2.6/www/htdocs/view3d/Apps/tzsb-i3dm-tileset/L2/PT-11M00000000637420-GEODE.obj,nodo
E:/APMServ5.2.6/www/htdocs/view3d/Apps/tzsb-i3dm-tileset/L2/PT-11M00000000637493-GEODE.obj,nodo
E:/APMServ5.2.6/www/htdocs/view3d/Apps/tzsb-i3dm-tileset/L2/PT-11M00000002954785-GEODE.obj,nodo
E:/APMServ5.2.6/www/htdocs/view3d/Apps/tzsb-i3dm-tileset/L2/QYK005-GEODE.obj,nodo
E:/APMServ5.2.6/www/htdocs/view3d/Apps/tzsb-i3dm-tileset/L2/SBZZ003-GEODE.obj,nodo
E:/APMServ5.2.6/www/htdocs/view3d/Apps/tzsb-i3dm-tileset/L2/SGZ005-GEODE.obj,nodo
E:/APMServ5.2.6/www/htdocs/view3d/Apps/tzsb-i3dm-tileset/L2/SRP023-GEODE.obj,nodo
E:/APMServ5.2.6/www/htdocs/view3d/Apps/tzsb-i3dm-tileset/L2/SRP052-GEODE.obj,nodo
E:/APMServ5.2.6/www/htdocs/view3d/Apps/tzsb-i3dm-tileset/L2/SRQDZ005-GEODE.obj,nodo
E:/APMServ5.2.6/www/htdocs/view3d/Apps/tzsb-i3dm-tileset/L2/SRQPJ024-GEODE.obj,nodo
E:/APMServ5.2.6/www/htdocs/view3d/Apps/tzsb-i3dm-tileset/L2/WDJ005-GEODE.obj,nodo
E:/APMServ5.2.6/www/htdocs/view3d/Apps/tzsb-i3dm-tileset/L2/WJYZ012-GEODE.obj,nodo
E:/APMServ5.2.6/www/htdocs/view3d/Apps/tzsb-i3dm-tileset/L2/WZKG005-GEODE.obj,nodo
E:/APMServ5.2.6/www/htdocs/view3d/Apps/tzsb-i3dm-tileset/L2/XJYZ107-GEODE.obj,nodo
E:/APMServ5.2.6/www/htdocs/view3d/Apps/tzsb-i3dm-tileset/L2/XT038-GEODE.obj,nodo
E:/APMServ5.2.6/www/htdocs/view3d/Apps/tzsb-i3dm-tileset/L2/XT040-GEODE.obj,nodo
E:/APMServ5.2.6/www/htdocs/view3d/Apps/tzsb-i3dm-tileset/L2/XT041-GEODE.obj,nodo
E:/APMServ5.2.6/www/htdocs/view3d/Apps/tzsb-i3dm-tileset/L2/xt053-GEODE.obj,nodo
E:/APMServ5.2.6/www/htdocs/view3d/Apps/tzsb-i3dm-tileset/L2/XT116-GEODE.obj,nodo
E:/APMServ5.2.6/www/htdocs/view3d/Apps/tzsb-i3dm-tileset/L2/XT117-GEODE.obj,nodo
E:/APMServ5.2.6/www/htdocs/view3d/Apps/tzsb-i3dm-tileset/L2/XT118-GEODE.obj,nodo
E:/APMServ5.2.6/www/htdocs/view3d/Apps/tzsb-i3dm-tileset/L2/XT120-GEODE.obj,nodo
E:/APMServ5.2.6/www/htdocs/view3d/Apps/tzsb-i3dm-tileset/L2/XT122-GEODE.obj,nodo
E:/APMServ5.2.6/www/htdocs/view3d/Apps/tzsb-i3dm-tileset/L2/XZ001-GEODE.obj,nodo
E:/APMServ5.2.6/www/htdocs/view3d/Apps/tzsb-i3dm-tileset/L2/YWJ001-GEODE.obj,nodo
E:/APMServ5.2.6/www/htdocs/view3d/Apps/tzsb-i3dm-tileset/L2/ZB006-GEODE.obj,nodo
E:/APMServ5.2.6/www/htdocs/view3d/Apps/tzsb-i3dm-tileset/L2/ZB014-GEODE.obj,nodo
E:/APMServ5.2.6/www/htdocs/view3d/Apps/tzsb-i3dm-tileset/L2/ZBBTLBDZX005-GEODE.obj,nodo
E:/APMServ5.2.6/www/htdocs/view3d/Apps/tzsb-i3dm-tileset/L2/ZBFKX005-GEODE.obj,nodo
E:/APMServ5.2.6/www/htdocs/view3d/Apps/tzsb-i3dm-tileset/L2/ZBMP005-GEODE.obj,nodo
E:/APMServ5.2.6/www/htdocs/view3d/Apps/tzsb-i3dm-tileset/L2/ZBQ-11M00000000632457-GEODE.obj,nodo
E:/APMServ5.2.6/www/htdocs/view3d/Apps/tzsb-i3dm-tileset/L2/ZBQ-11M632545-GEODE.obj,nodo
E:/APMServ5.2.6/www/htdocs/view3d/Apps/tzsb-i3dm-tileset/L2/ZCB001-GEODE.obj,nodo
E:/APMServ5.2.6/www/htdocs/view3d/Apps/tzsb-i3dm-tileset/L2/ZCB002-GEODE.obj,nodo
E:/APMServ5.2.6/www/htdocs/view3d/Apps/tzsb-i3dm-tileset/L2/ZCB003-GEODE.obj,nodo
E:/APMServ5.2.6/www/htdocs/view3d/Apps/tzsb-i3dm-tileset/L2/ZCB004-GEODE.obj,nodo
E:/APMServ5.2.6/www/htdocs/view3d/Apps/tzsb-i3dm-tileset/L2/ZCB005-GEODE.obj,nodo
E:/APMServ5.2.6/www/htdocs/view3d/Apps/tzsb-i3dm-tileset/L2/zcjyz001-GEODE.obj,nodo
E:/APMServ5.2.6/www/htdocs/view3d/Apps/tzsb-i3dm-tileset/L2/ZCJYZ003-GEODE.obj,nodo
E:/APMServ5.2.6/www/htdocs/view3d/Apps/tzsb-i3dm-tileset/L2/ZCZ002-GEODE.obj,nodo
E:/APMServ5.2.6/www/htdocs/view3d/Apps/tzsb-i3dm-tileset/L2/ZCZ003-GEODE.obj,nodo
E:/APMServ5.2.6/www/htdocs/view3d/Apps/tzsb-i3dm-tileset/L2/ZTPJ023-GEODE.obj,nodo
E:/APMServ5.2.6/www/htdocs/view3d/Apps/tzsb-i3dm-tileset/L2/ZTZZ001-GEODE.obj,nodo
E:/APMServ5.2.6/www/htdocs/view3d/Apps/tzsb-i3dm-tileset/L2/ZXDZB001-GEODE.obj,nodo
E:/APMServ5.2.6/www/htdocs/view3d/Apps/tzsb-i3dm-tileset/L2/ZYYG005-GEODE.obj,nodo
E:/APMServ5.2.6/www/htdocs/view3d/Apps/tzsb-i3dm-tileset/MP-0060-GEODE.obj,0.200000
E:/APMServ5.2.6/www/htdocs/view3d/Apps/tzsb-i3dm-tileset/MP-0072-GEODE.obj,0.200000
E:/APMServ5.2.6/www/htdocs/view3d/Apps/tzsb-i3dm-tileset/MP-0073-GEODE.obj,0.200000
E:/APMServ5.2.6/www/htdocs/view3d/Apps/tzsb-i3dm-tileset/MP-01030-GEODE.obj,0.200000
E:/APMServ5.2.6/www/htdocs/view3d/Apps/tzsb-i3dm-tileset/MP-01031-GEODE.obj,0.200000
E:/APMServ5.2.6/www/htdocs/view3d/Apps/tzsb-i3dm-tileset/MP-01065-GEODE.obj,0.200000
E:/APMServ5.2.6/www/htdocs/view3d/Apps/tzsb-i3dm-tileset/MP-01066-GEODE.obj,0.200000
E:/APMServ5.2.6/www/htdocs/view3d/Apps/tzsb-i3dm-tileset/MP-01067-GEODE.obj,0.200000
E:/APMServ5.2.6/www/htdocs/view3d/Apps/tzsb-i3dm-tileset/MP-01077-GEODE.obj,0.200000
E:/APMServ5.2.6/www/htdocs/view3d/Apps/tzsb-i3dm-tileset/MP-01078-GEODE.obj,0.200000
E:/APMServ5.2.6/www/htdocs/view3d/Apps/tzsb-i3dm-tileset/MP-01079-GEODE.obj,0.200000
E:/APMServ5.2.6/www/htdocs/view3d/Apps/tzsb-i3dm-tileset/MP-01187-GEODE.obj,0.200000
E:/APMServ5.2.6/www/htdocs/view3d/Apps/tzsb-i3dm-tileset/MP-01275-GEODE.obj,0.200000
E:/APMServ5.2.6/www/htdocs/view3d/Apps/tzsb-i3dm-tileset/MP-01287-GEODE.obj,0.200000
E:/APMServ5.2.6/www/htdocs/view3d/Apps/tzsb-i3dm-tileset/MP-01294-GEODE.obj,0.200000
E:/APMServ5.2.6/www/htdocs/view3d/Apps/tzsb-i3dm-tileset/MP-01556-GEODE.obj,0.200000
E:/APMServ5.2.6/www/htdocs/view3d/Apps/tzsb-i3dm-tileset/MP-01611-GEODE.obj,0.200000
E:/APMServ5.2.6/www/htdocs/view3d/Apps/tzsb-i3dm-tileset/MP-01628-GEODE.obj,0.200000
E:/APMServ5.2.6/www/htdocs/view3d/Apps/tzsb-i3dm-tileset/MP-01629-GEODE.obj,0.200000
E:/APMServ5.2.6/www/htdocs/view3d/Apps/tzsb-i3dm-tileset/MP-0164-GEODE.obj,0.200000
E:/APMServ5.2.6/www/htdocs/view3d/Apps/tzsb-i3dm-tileset/MP-01642-GEODE.obj,0.200000
E:/APMServ5.2.6/www/htdocs/view3d/Apps/tzsb-i3dm-tileset/MP-01644-GEODE.obj,0.200000
E:/APMServ5.2.6/www/htdocs/view3d/Apps/tzsb-i3dm-tileset/MP-01646-GEODE.obj,0.200000
E:/APMServ5.2.6/www/htdocs/view3d/Apps/tzsb-i3dm-tileset/MP-01685-GEODE.obj,0.200000
E:/APMServ5.2.6/www/htdocs/view3d/Apps/tzsb-i3dm-tileset/MP-01712-GEODE.obj,0.200000
E:/APMServ5.2.6/www/htdocs/view3d/Apps/tzsb-i3dm-tileset/MP-01751-GEODE.obj,0.200000
E:/APMServ5.2.6/www/htdocs/view3d/Apps/tzsb-i3dm-tileset/MP-0214-GEODE.obj,0.200000
E:/APMServ5.2.6/www/htdocs/view3d/Apps/tzsb-i3dm-tileset/MP-0251-GEODE.obj,0.200000
E:/APMServ5.2.6/www/htdocs/view3d/Apps/tzsb-i3dm-tileset/MP-0252-GEODE.obj,0.200000
E:/APMServ5.2.6/www/htdocs/view3d/Apps/tzsb-i3dm-tileset/MP-0275-GEODE.obj,0.200000
E:/APMServ5.2.6/www/htdocs/view3d/Apps/tzsb-i3dm-tileset/MP-0419-GEODE.obj,0.200000
E:/APMServ5.2.6/www/htdocs/view3d/Apps/tzsb-i3dm-tileset/MP-0420-GEODE.obj,0.200000
E:/APMServ5.2.6/www/htdocs/view3d/Apps/tzsb-i3dm-tileset/MP-0446-GEODE.obj,0.200000
E:/APMServ5.2.6/www/htdocs/view3d/Apps/tzsb-i3dm-tileset/MP-0547-GEODE.obj,0.200000
E:/APMServ5.2.6/www/htdocs/view3d/Apps/tzsb-i3dm-tileset/MP-0558-GEODE.obj,0.200000
E:/APMServ5.2.6/www/htdocs/view3d/Apps/tzsb-i3dm-tileset/MP-0832-GEODE.obj,0.200000
E:/APMServ5.2.6/www/htdocs/view3d/Apps/tzsb-i3dm-tileset/MP-0833-GEODE.obj,0.200000
E:/APMServ5.2.6/www/htdocs/view3d/Apps/tzsb-i3dm-tileset/MP-1908-GEODE.obj,0.200000
E:/APMServ5.2.6/www/htdocs/view3d/Apps/tzsb-i3dm-tileset/MP-2009-GEODE.obj,0.200000
E:/APMServ5.2.6/www/htdocs/view3d/Apps/tzsb-i3dm-tileset/MP-3176-GEODE.obj,0.200000
E:/APMServ5.2.6/www/htdocs/view3d/Apps/tzsb-i3dm-tileset/MP-3178-GEODE.obj,0.200000
E:/APMServ5.2.6/www/htdocs/view3d/Apps/tzsb-i3dm-tileset/MP-3180-GEODE.obj,0.200000
E:/APMServ5.2.6/www/htdocs/view3d/Apps/tzsb-i3dm-tileset/MP-3181-GEODE.obj,0.200000
E:/APMServ5.2.6/www/htdocs/view3d/Apps/tzsb-i3dm-tileset/MP-3184-GEODE.obj,0.200000
E:/APMServ5.2.6/www/htdocs/view3d/Apps/tzsb-i3dm-tileset/MP-3202-GEODE.obj,0.200000
E:/APMServ5.2.6/www/htdocs/view3d/Apps/tzsb-i3dm-tileset/MP-3649-GEODE.obj,0.200000
E:/APMServ5.2.6/www/htdocs/view3d/Apps/tzsb-i3dm-tileset/MP-3650-GEODE.obj,0.200000
E:/APMServ5.2.6/www/htdocs/view3d/Apps/tzsb-i3dm-tileset/MP-3850-GEODE.obj,0.200000
E:/APMServ5.2.6/www/htdocs/view3d/Apps/tzsb-i3dm-tileset/MP-3851-GEODE.obj,0.200000
E:/APMServ5.2.6/www/htdocs/view3d/Apps/tzsb-i3dm-tileset/MP-3852-GEODE.obj,0.200000
E:/APMServ5.2.6/www/htdocs/view3d/Apps/tzsb-i3dm-tileset/MPA064-GEODE.obj,0.200000
E:/APMServ5.2.6/www/htdocs/view3d/Apps/tzsb-i3dm-tileset/MPA065-GEODE.obj,0.200000
E:/APMServ5.2.6/www/htdocs/view3d/Apps/tzsb-i3dm-tileset/MPA066-GEODE.obj,0.200000
E:/APMServ5.2.6/www/htdocs/view3d/Apps/tzsb-i3dm-tileset/MPZY011-GEODE.obj,0.200000
E:/APMServ5.2.6/www/htdocs/view3d/Apps/tzsb-i3dm-tileset/MPZY012-GEODE.obj,0.200000
E:/APMServ5.2.6/www/htdocs/view3d/Apps/tzsb-i3dm-tileset/OHDRQ-11M00000000610388-GEODE.obj,0.200000
E:/APMServ5.2.6/www/htdocs/view3d/Apps/tzsb-i3dm-tileset/PEIJIAN-GEODE.obj,0.200000
E:/APMServ5.2.6/www/htdocs/view3d/Apps/tzsb-i3dm-tileset/PEIJIAN096-GEODE.obj,0.200000
E:/APMServ5.2.6/www/htdocs/view3d/Apps/tzsb-i3dm-tileset/PEIJIAN098-GEODE.obj,0.200000
E:/APMServ5.2.6/www/htdocs/view3d/Apps/tzsb-i3dm-tileset/PEIJIAN110-GEODE.obj,0.200000
E:/APMServ5.2.6/www/htdocs/view3d/Apps/tzsb-i3dm-tileset/PEIJIAN113-GEODE.obj,0.200000
E:/APMServ5.2.6/www/htdocs/view3d/Apps/tzsb-i3dm-tileset/PEIJIAN114-GEODE.obj,0.200000
E:/APMServ5.2.6/www/htdocs/view3d/Apps/tzsb-i3dm-tileset/PJ-052-GEODE.obj,0.200000
E:/APMServ5.2.6/www/htdocs/view3d/Apps/tzsb-i3dm-tileset/PJ-063-GEODE.obj,0.200000
E:/APMServ5.2.6/www/htdocs/view3d/Apps/tzsb-i3dm-tileset/PJ-161-GEODE.obj,0.200000
E:/APMServ5.2.6/www/htdocs/view3d/Apps/tzsb-i3dm-tileset/PJ-162-GEODE.obj,0.200000
E:/APMServ5.2.6/www/htdocs/view3d/Apps/tzsb-i3dm-tileset/PJ002-GEODE.obj,0.200000
E:/APMServ5.2.6/www/htdocs/view3d/Apps/tzsb-i3dm-tileset/PJ003-GEODE.obj,0.200000
E:/APMServ5.2.6/www/htdocs/view3d/Apps/tzsb-i3dm-tileset/PT-11M00000000637359-GEODE.obj,0.200000
E:/APMServ5.2.6/www/htdocs/view3d/Apps/tzsb-i3dm-tileset/PT-11M00000000637420-GEODE.obj,0.200000
E:/APMServ5.2.6/www/htdocs/view3d/Apps/tzsb-i3dm-tileset/PT-11M00000000637493-GEODE.obj,0.200000
E:/APMServ5.2.6/www/htdocs/view3d/Apps/tzsb-i3dm-tileset/PT-11M00000002954785-GEODE.obj,0.200000
E:/APMServ5.2.6/www/htdocs/view3d/Apps/tzsb-i3dm-tileset/QYK005-GEODE.obj,0.200000
E:/APMServ5.2.6/www/htdocs/view3d/Apps/tzsb-i3dm-tileset/SBZZ003-GEODE.obj,0.200000
E:/APMServ5.2.6/www/htdocs/view3d/Apps/tzsb-i3dm-tileset/SGZ005-GEODE.obj,0.200000
E:/APMServ5.2.6/www/htdocs/view3d/Apps/tzsb-i3dm-tileset/SRP023-GEODE.obj,0.200000
E:/APMServ5.2.6/www/htdocs/view3d/Apps/tzsb-i3dm-tileset/SRP052-GEODE.obj,0.200000
E:/APMServ5.2.6/www/htdocs/view3d/Apps/tzsb-i3dm-tileset/SRQDZ005-GEODE.obj,0.200000
E:/APMServ5.2.6/www/htdocs/view3d/Apps/tzsb-i3dm-tileset/SRQPJ024-GEODE.obj,0.200000
E:/APMServ5.2.6/www/htdocs/view3d/Apps/tzsb-i3dm-tileset/WDJ005-GEODE.obj,0.200000
E:/APMServ5.2.6/www/htdocs/view3d/Apps/tzsb-i3dm-tileset/WJYZ012-GEODE.obj,0.200000
E:/APMServ5.2.6/www/htdocs/view3d/Apps/tzsb-i3dm-tileset/WZKG005-GEODE.obj,0.200000
E:/APMServ5.2.6/www/htdocs/view3d/Apps/tzsb-i3dm-tileset/XJYZ107-GEODE.obj,0.200000
E:/APMServ5.2.6/www/htdocs/view3d/Apps/tzsb-i3dm-tileset/XT038-GEODE.obj,0.200000
E:/APMServ5.2.6/www/htdocs/view3d/Apps/tzsb-i3dm-tileset/XT040-GEODE.obj,0.200000
E:/APMServ5.2.6/www/htdocs/view3d/Apps/tzsb-i3dm-tileset/XT041-GEODE.obj,0.200000
E:/APMServ5.2.6/www/htdocs/view3d/Apps/tzsb-i3dm-tileset/xt053-GEODE.obj,0.200000
E:/APMServ5.2.6/www/htdocs/view3d/Apps/tzsb-i3dm-tileset/XT116-GEODE.obj,0.200000
E:/APMServ5.2.6/www/htdocs/view3d/Apps/tzsb-i3dm-tileset/XT117-GEODE.obj,0.200000
E:/APMServ5.2.6/www/htdocs/view3d/Apps/tzsb-i3dm-tileset/XT118-GEODE.obj,0.200000
E:/APMServ5.2.6/www/htdocs/view3d/Apps/tzsb-i3dm-tileset/XT120-GEODE.obj,0.200000
E:/APMServ5.2.6/www/htdocs/view3d/Apps/tzsb-i3dm-tileset/XT122-GEODE.obj,0.200000
E:/APMServ5.2.6/www/htdocs/view3d/Apps/tzsb-i3dm-tileset/XZ001-GEODE.obj,0.200000
E:/APMServ5.2.6/www/htdocs/view3d/Apps/tzsb-i3dm-tileset/YWJ001-GEODE.obj,0.200000
E:/APMServ5.2.6/www/htdocs/view3d/Apps/tzsb-i3dm-tileset/ZB006-GEODE.obj,0.200000
E:/APMServ5.2.6/www/htdocs/view3d/Apps/tzsb-i3dm-tileset/ZB014-GEODE.obj,0.200000
E:/APMServ5.2.6/www/htdocs/view3d/Apps/tzsb-i3dm-tileset/ZBBTLBDZX005-GEODE.obj,0.200000
E:/APMServ5.2.6/www/htdocs/view3d/Apps/tzsb-i3dm-tileset/ZBFKX005-GEODE.obj,0.200000
E:/APMServ5.2.6/www/htdocs/view3d/Apps/tzsb-i3dm-tileset/ZBMP005-GEODE.obj,0.200000
E:/APMServ5.2.6/www/htdocs/view3d/Apps/tzsb-i3dm-tileset/ZBQ-11M00000000632457-GEODE.obj,0.200000
E:/APMServ5.2.6/www/htdocs/view3d/Apps/tzsb-i3dm-tileset/ZBQ-11M632545-GEODE.obj,0.200000
E:/APMServ5.2.6/www/htdocs/view3d/Apps/tzsb-i3dm-tileset/ZCB001-GEODE.obj,0.200000
E:/APMServ5.2.6/www/htdocs/view3d/Apps/tzsb-i3dm-tileset/ZCB002-GEODE.obj,0.200000
E:/APMServ5.2.6/www/htdocs/view3d/Apps/tzsb-i3dm-tileset/ZCB003-GEODE.obj,0.200000
E:/APMServ5.2.6/www/htdocs/view3d/Apps/tzsb-i3dm-tileset/ZCB004-GEODE.obj,0.200000
E:/APMServ5.2.6/www/htdocs/view3d/Apps/tzsb-i3dm-tileset/ZCB005-GEODE.obj,0.200000
E:/APMServ5.2.6/www/htdocs/view3d/Apps/tzsb-i3dm-tileset/zcjyz001-GEODE.obj,0.200000
E:/APMServ5.2.6/www/htdocs/view3d/Apps/tzsb-i3dm-tileset/ZCJYZ003-GEODE.obj,0.200000
E:/APMServ5.2.6/www/htdocs/view3d/Apps/tzsb-i3dm-tileset/ZCZ002-GEODE.obj,0.200000
E:/APMServ5.2.6/www/htdocs/view3d/Apps/tzsb-i3dm-tileset/ZCZ003-GEODE.obj,0.200000
E:/APMServ5.2.6/www/htdocs/view3d/Apps/tzsb-i3dm-tileset/ZTPJ023-GEODE.obj,0.200000
E:/APMServ5.2.6/www/htdocs/view3d/Apps/tzsb-i3dm-tileset/ZTZZ001-GEODE.obj,0.200000
E:/APMServ5.2.6/www/htdocs/view3d/Apps/tzsb-i3dm-tileset/ZXDZB001-GEODE.obj,0.200000
E:/APMServ5.2.6/www/htdocs/view3d/Apps/tzsb-i3dm-tileset/ZYYG005-GEODE.obj,0.200000
