E:/APMServ5.2.6/www/htdocs/view3d/Apps/fsxp-i3dm-tileset/JC-GJ-080-GEODE.obj,0.200000
E:/APMServ5.2.6/www/htdocs/view3d/Apps/fsxp-i3dm-tileset/JC-GJ-151-GEODE.obj,0.200000
E:/APMServ5.2.6/www/htdocs/view3d/Apps/fsxp-i3dm-tileset/JC-GJ-168-GEODE.obj,0.200000
E:/APMServ5.2.6/www/htdocs/view3d/Apps/fsxp-i3dm-tileset/JC-GJ-206-GEODE.obj,0.200000
E:/APMServ5.2.6/www/htdocs/view3d/Apps/fsxp-i3dm-tileset/JC-GJ-214-GEODE.obj,0.200000
E:/APMServ5.2.6/www/htdocs/view3d/Apps/fsxp-i3dm-tileset/JC-SJ-029-GEODE.obj,0.200000
E:/APMServ5.2.6/www/htdocs/view3d/Apps/fsxp-i3dm-tileset/JC-SJ-1452-GEODE.obj,0.200000
E:/APMServ5.2.6/www/htdocs/view3d/Apps/fsxp-i3dm-tileset/JC-SJ-1455-GEODE.obj,0.200000
E:/APMServ5.2.6/www/htdocs/view3d/Apps/fsxp-i3dm-tileset/JC-SJ-1462-GEODE.obj,0.200000
E:/APMServ5.2.6/www/htdocs/view3d/Apps/fsxp-i3dm-tileset/JC-SJ-1465-GEODE.obj,0.200000
E:/APMServ5.2.6/www/htdocs/view3d/Apps/fsxp-i3dm-tileset/JC-SJ-1517-GEODE.obj,0.200000
E:/APMServ5.2.6/www/htdocs/view3d/Apps/fsxp-i3dm-tileset/JC-SJ-1537-GEODE.obj,0.200000
E:/APMServ5.2.6/www/htdocs/view3d/Apps/fsxp-i3dm-tileset/JC-SJ-1546-GEODE.obj,0.200000
E:/APMServ5.2.6/www/htdocs/view3d/Apps/fsxp-i3dm-tileset/JC-SJ-206-GEODE.obj,0.200000
E:/APMServ5.2.6/www/htdocs/view3d/Apps/fsxp-i3dm-tileset/JC-SJ-223-GEODE.obj,0.200000
E:/APMServ5.2.6/www/htdocs/view3d/Apps/fsxp-i3dm-tileset/JC-SJ-251-GEODE.obj,0.200000
E:/APMServ5.2.6/www/htdocs/view3d/Apps/fsxp-i3dm-tileset/JC-SJ-372-GEODE.obj,0.200000
E:/APMServ5.2.6/www/htdocs/view3d/Apps/fsxp-i3dm-tileset/JC-SJ-375-GEODE.obj,0.200000
E:/APMServ5.2.6/www/htdocs/view3d/Apps/fsxp-i3dm-tileset/JC-SJ-555-GEODE.obj,0.200000
E:/APMServ5.2.6/www/htdocs/view3d/Apps/fsxp-i3dm-tileset/JC-SJ-579-GEODE.obj,0.200000
E:/APMServ5.2.6/www/htdocs/view3d/Apps/fsxp-i3dm-tileset/JC-SJ-597-GEODE.obj,0.200000
E:/APMServ5.2.6/www/htdocs/view3d/Apps/fsxp-i3dm-tileset/JC-SJ-612-GEODE.obj,0.200000
E:/APMServ5.2.6/www/htdocs/view3d/Apps/fsxp-i3dm-tileset/JC-SJ-615-GEODE.obj,0.200000
E:/APMServ5.2.6/www/htdocs/view3d/Apps/fsxp-i3dm-tileset/JC-SJ-618-GEODE.obj,0.200000
E:/APMServ5.2.6/www/htdocs/view3d/Apps/fsxp-i3dm-tileset/JC-SJ-721-GEODE.obj,0.200000
E:/APMServ5.2.6/www/htdocs/view3d/Apps/fsxp-i3dm-tileset/JC-SJ-725-GEODE.obj,0.200000
E:/APMServ5.2.6/www/htdocs/view3d/Apps/fsxp-i3dm-tileset/JC-SJ-748-GEODE.obj,0.200000
E:/APMServ5.2.6/www/htdocs/view3d/Apps/fsxp-i3dm-tileset/JC-SJ-760-GEODE.obj,0.200000
E:/APMServ5.2.6/www/htdocs/view3d/Apps/fsxp-i3dm-tileset/JC-SJ-861-GEODE.obj,0.200000
E:/APMServ5.2.6/www/htdocs/view3d/Apps/fsxp-i3dm-tileset/JC-SJ-875-GEODE.obj,0.200000
E:/APMServ5.2.6/www/htdocs/view3d/Apps/fsxp-i3dm-tileset/JC-SJ-889-GEODE.obj,0.200000
E:/APMServ5.2.6/www/htdocs/view3d/Apps/fsxp-i3dm-tileset/JC-SJ-929-GEODE.obj,0.200000
E:/APMServ5.2.6/www/htdocs/view3d/Apps/fsxp-i3dm-tileset/JC-SJ-941-GEODE.obj,0.200000
E:/APMServ5.2.6/www/htdocs/view3d/Apps/fsxp-i3dm-tileset/JC-SJ-979-GEODE.obj,0.200000
E:/APMServ5.2.6/www/htdocs/view3d/Apps/fsxp-i3dm-tileset/JG-LMJ-016-GEODE.obj,0.200000
E:/APMServ5.2.6/www/htdocs/view3d/Apps/fsxp-i3dm-tileset/JG-LMJ-060-GEODE.obj,0.200000
E:/APMServ5.2.6/www/htdocs/view3d/Apps/fsxp-i3dm-tileset/JG-LMJ-066-GEODE.obj,0.200000
E:/APMServ5.2.6/www/htdocs/view3d/Apps/fsxp-i3dm-tileset/JG-LMJ-081-GEODE.obj,0.200000
E:/APMServ5.2.6/www/htdocs/view3d/Apps/fsxp-i3dm-tileset/JG-LMJ-102-GEODE.obj,0.200000
E:/APMServ5.2.6/www/htdocs/view3d/Apps/fsxp-i3dm-tileset/JG-LTPT-033-GEODE.obj,0.200000
E:/APMServ5.2.6/www/htdocs/view3d/Apps/fsxp-i3dm-tileset/JG-SBZJ-010-GEODE.obj,0.200000
E:/APMServ5.2.6/www/htdocs/view3d/Apps/fsxp-i3dm-tileset/JG-SBZJ-020-GEODE.obj,0.200000
E:/APMServ5.2.6/www/htdocs/view3d/Apps/fsxp-i3dm-tileset/L2/JC-GJ-080-GEODE.obj,nodo
E:/APMServ5.2.6/www/htdocs/view3d/Apps/fsxp-i3dm-tileset/L2/JC-GJ-151-GEODE.obj,nodo
E:/APMServ5.2.6/www/htdocs/view3d/Apps/fsxp-i3dm-tileset/L2/JC-GJ-168-GEODE.obj,nodo
E:/APMServ5.2.6/www/htdocs/view3d/Apps/fsxp-i3dm-tileset/L2/JC-GJ-206-GEODE.obj,nodo
E:/APMServ5.2.6/www/htdocs/view3d/Apps/fsxp-i3dm-tileset/L2/JC-GJ-214-GEODE.obj,nodo
E:/APMServ5.2.6/www/htdocs/view3d/Apps/fsxp-i3dm-tileset/L2/JC-SJ-029-GEODE.obj,nodo
E:/APMServ5.2.6/www/htdocs/view3d/Apps/fsxp-i3dm-tileset/L2/JC-SJ-1452-GEODE.obj,nodo
E:/APMServ5.2.6/www/htdocs/view3d/Apps/fsxp-i3dm-tileset/L2/JC-SJ-1455-GEODE.obj,nodo
E:/APMServ5.2.6/www/htdocs/view3d/Apps/fsxp-i3dm-tileset/L2/JC-SJ-1462-GEODE.obj,nodo
E:/APMServ5.2.6/www/htdocs/view3d/Apps/fsxp-i3dm-tileset/L2/JC-SJ-1465-GEODE.obj,nodo
E:/APMServ5.2.6/www/htdocs/view3d/Apps/fsxp-i3dm-tileset/L2/JC-SJ-1517-GEODE.obj,nodo
E:/APMServ5.2.6/www/htdocs/view3d/Apps/fsxp-i3dm-tileset/L2/JC-SJ-1537-GEODE.obj,nodo
E:/APMServ5.2.6/www/htdocs/view3d/Apps/fsxp-i3dm-tileset/L2/JC-SJ-1546-GEODE.obj,nodo
E:/APMServ5.2.6/www/htdocs/view3d/Apps/fsxp-i3dm-tileset/L2/JC-SJ-206-GEODE.obj,nodo
E:/APMServ5.2.6/www/htdocs/view3d/Apps/fsxp-i3dm-tileset/L2/JC-SJ-223-GEODE.obj,nodo
E:/APMServ5.2.6/www/htdocs/view3d/Apps/fsxp-i3dm-tileset/L2/JC-SJ-251-GEODE.obj,nodo
E:/APMServ5.2.6/www/htdocs/view3d/Apps/fsxp-i3dm-tileset/L2/JC-SJ-372-GEODE.obj,nodo
E:/APMServ5.2.6/www/htdocs/view3d/Apps/fsxp-i3dm-tileset/L2/JC-SJ-375-GEODE.obj,nodo
E:/APMServ5.2.6/www/htdocs/view3d/Apps/fsxp-i3dm-tileset/L2/JC-SJ-555-GEODE.obj,nodo
E:/APMServ5.2.6/www/htdocs/view3d/Apps/fsxp-i3dm-tileset/L2/JC-SJ-579-GEODE.obj,nodo
E:/APMServ5.2.6/www/htdocs/view3d/Apps/fsxp-i3dm-tileset/L2/JC-SJ-597-GEODE.obj,nodo
E:/APMServ5.2.6/www/htdocs/view3d/Apps/fsxp-i3dm-tileset/L2/JC-SJ-612-GEODE.obj,nodo
E:/APMServ5.2.6/www/htdocs/view3d/Apps/fsxp-i3dm-tileset/L2/JC-SJ-615-GEODE.obj,nodo
E:/APMServ5.2.6/www/htdocs/view3d/Apps/fsxp-i3dm-tileset/L2/JC-SJ-618-GEODE.obj,nodo
E:/APMServ5.2.6/www/htdocs/view3d/Apps/fsxp-i3dm-tileset/L2/JC-SJ-721-GEODE.obj,nodo
E:/APMServ5.2.6/www/htdocs/view3d/Apps/fsxp-i3dm-tileset/L2/JC-SJ-725-GEODE.obj,nodo
E:/APMServ5.2.6/www/htdocs/view3d/Apps/fsxp-i3dm-tileset/L2/JC-SJ-748-GEODE.obj,nodo
E:/APMServ5.2.6/www/htdocs/view3d/Apps/fsxp-i3dm-tileset/L2/JC-SJ-760-GEODE.obj,nodo
E:/APMServ5.2.6/www/htdocs/view3d/Apps/fsxp-i3dm-tileset/L2/JC-SJ-861-GEODE.obj,nodo
E:/APMServ5.2.6/www/htdocs/view3d/Apps/fsxp-i3dm-tileset/L2/JC-SJ-875-GEODE.obj,nodo
E:/APMServ5.2.6/www/htdocs/view3d/Apps/fsxp-i3dm-tileset/L2/JC-SJ-889-GEODE.obj,nodo
E:/APMServ5.2.6/www/htdocs/view3d/Apps/fsxp-i3dm-tileset/L2/JC-SJ-929-GEODE.obj,nodo
E:/APMServ5.2.6/www/htdocs/view3d/Apps/fsxp-i3dm-tileset/L2/JC-SJ-941-GEODE.obj,nodo
E:/APMServ5.2.6/www/htdocs/view3d/Apps/fsxp-i3dm-tileset/L2/JC-SJ-979-GEODE.obj,nodo
E:/APMServ5.2.6/www/htdocs/view3d/Apps/fsxp-i3dm-tileset/L2/JG-LMJ-016-GEODE.obj,nodo
E:/APMServ5.2.6/www/htdocs/view3d/Apps/fsxp-i3dm-tileset/L2/JG-LMJ-060-GEODE.obj,nodo
E:/APMServ5.2.6/www/htdocs/view3d/Apps/fsxp-i3dm-tileset/L2/JG-LMJ-066-GEODE.obj,nodo
E:/APMServ5.2.6/www/htdocs/view3d/Apps/fsxp-i3dm-tileset/L2/JG-LMJ-081-GEODE.obj,nodo
E:/APMServ5.2.6/www/htdocs/view3d/Apps/fsxp-i3dm-tileset/L2/JG-LMJ-102-GEODE.obj,nodo
E:/APMServ5.2.6/www/htdocs/view3d/Apps/fsxp-i3dm-tileset/L2/JG-LTPT-033-GEODE.obj,nodo
E:/APMServ5.2.6/www/htdocs/view3d/Apps/fsxp-i3dm-tileset/L2/JG-SBZJ-010-GEODE.obj,nodo
E:/APMServ5.2.6/www/htdocs/view3d/Apps/fsxp-i3dm-tileset/L2/JG-SBZJ-020-GEODE.obj,nodo
E:/APMServ5.2.6/www/htdocs/view3d/Apps/fsxp-i3dm-tileset/L2/QT-JK-014-GEODE.obj,nodo
E:/APMServ5.2.6/www/htdocs/view3d/Apps/fsxp-i3dm-tileset/L2/QT-LD-178-GEODE.obj,nodo
E:/APMServ5.2.6/www/htdocs/view3d/Apps/fsxp-i3dm-tileset/L2/QT-TJ-023-GEODE.obj,nodo
E:/APMServ5.2.6/www/htdocs/view3d/Apps/fsxp-i3dm-tileset/L2/QT-XFSS-026-GEODE.obj,nodo
E:/APMServ5.2.6/www/htdocs/view3d/Apps/fsxp-i3dm-tileset/L2/QT-ZM-038-GEODE.obj,nodo
E:/APMServ5.2.6/www/htdocs/view3d/Apps/fsxp-i3dm-tileset/QT-JK-014-GEODE.obj,0.200000
E:/APMServ5.2.6/www/htdocs/view3d/Apps/fsxp-i3dm-tileset/QT-LD-178-GEODE.obj,0.200000
E:/APMServ5.2.6/www/htdocs/view3d/Apps/fsxp-i3dm-tileset/QT-TJ-023-GEODE.obj,0.200000
E:/APMServ5.2.6/www/htdocs/view3d/Apps/fsxp-i3dm-tileset/QT-XFSS-026-GEODE.obj,0.200000
E:/APMServ5.2.6/www/htdocs/view3d/Apps/fsxp-i3dm-tileset/QT-ZM-038-GEODE.obj,0.200000
